Starting
Wednesday 12th of December 2018 11:05:23 PM
File received
PICT7.jpg
Starting
Wednesday 12th of December 2018 11:13:50 PM
File received
PICT7.jpg
Starting
Tuesday 29th of January 2019 11:24:10 PM
File received
PICT2.jpg
Starting
Wednesday 30th of January 2019 12:15:10 AM
File received
PICT3.jpg
Starting
Wednesday 30th of January 2019 12:31:49 AM
File received
PICT2.jpg
Starting
Wednesday 30th of January 2019 12:45:31 AM
File received
PICT30.jpg
Starting
Wednesday 30th of January 2019 12:45:50 AM
File received
PICT31.jpg
Starting
Wednesday 30th of January 2019 12:46:08 AM
File received
PICT32.jpg
Starting
Wednesday 30th of January 2019 12:46:36 AM
File received
PICT30.jpg
Starting
Wednesday 30th of January 2019 12:46:55 AM
File received
PICT31.jpg
Starting
Wednesday 30th of January 2019 12:47:13 AM
File received
PICT32.jpg
Starting
Wednesday 30th of January 2019 12:47:38 AM
File received
PICT30.jpg
Starting
Wednesday 30th of January 2019 12:48:00 AM
File received
PICT31.jpg
Starting
Wednesday 30th of January 2019 12:48:18 AM
File received
PICT32.jpg
Starting
Wednesday 30th of January 2019 12:48:46 AM
File received
PICT30.jpg
Starting
Wednesday 30th of January 2019 12:49:04 AM
File received
PICT31.jpg
Starting
Wednesday 30th of January 2019 12:49:23 AM
File received
PICT32.jpg
Starting
Wednesday 30th of January 2019 12:49:51 AM
File received
PICT30.jpg
Starting
Wednesday 30th of January 2019 12:50:09 AM
File received
PICT31.jpg
Starting
Wednesday 30th of January 2019 12:50:28 AM
File received
PICT32.jpg
Starting
Wednesday 30th of January 2019 12:50:56 AM
File received
PICT30.jpg
Starting
Wednesday 30th of January 2019 12:51:14 AM
File received
PICT31.jpg
Starting
Wednesday 30th of January 2019 12:51:33 AM
File received
PICT32.jpg
Starting
Wednesday 30th of January 2019 12:52:01 AM
File received
PICT30.jpg
Starting
Wednesday 30th of January 2019 12:52:19 AM
File received
PICT31.jpg
Starting
Wednesday 30th of January 2019 12:52:37 AM
File received
PICT32.jpg
Starting
Wednesday 30th of January 2019 12:53:06 AM
File received
PICT30.jpg
Starting
Wednesday 30th of January 2019 12:53:24 AM
File received
PICT31.jpg
Starting
Wednesday 30th of January 2019 12:53:42 AM
File received
PICT32.jpg
Starting
Wednesday 30th of January 2019 10:05:24 AM
File received
PICT30.jpg
Starting
Wednesday 30th of January 2019 10:05:38 AM
File received
PICT31.jpg
Starting
Wednesday 30th of January 2019 10:05:51 AM
File received
PICT32.jpg
Starting
Wednesday 30th of January 2019 10:06:14 AM
File received
PICT30.jpg
Starting
Wednesday 30th of January 2019 10:06:28 AM
File received
PICT31.jpg
Starting
Wednesday 30th of January 2019 10:06:41 AM
File received
PICT32.jpg
Starting
Wednesday 30th of January 2019 10:07:11 AM
File received
PICT30.jpg
Starting
Wednesday 30th of January 2019 10:07:18 AM
File received
PICT31.jpg
Starting
Wednesday 30th of January 2019 10:07:31 AM
File received
PICT32.jpg
Starting
Wednesday 30th of January 2019 10:07:55 AM
File received
PICT30.jpg
Starting
Wednesday 30th of January 2019 10:08:08 AM
File received
PICT31.jpg
Starting
Wednesday 30th of January 2019 10:08:21 AM
File received
PICT32.jpg
Starting
Wednesday 30th of January 2019 10:08:47 AM
File received
PICT30.jpg
Starting
Wednesday 30th of January 2019 12:47:12 PM
File received
PICT9.jpg
Starting
Wednesday 30th of January 2019 12:47:25 PM
File received
PICT10.jpg
Starting
Wednesday 30th of January 2019 12:48:43 PM
File received
PICT12.jpg
Starting
Wednesday 30th of January 2019 12:48:56 PM
File received
PICT13.jpg
Starting
Wednesday 30th of January 2019 12:50:43 PM
File received
PICT15.jpg
Starting
Wednesday 30th of January 2019 12:50:56 PM
File received
PICT16.jpg
Starting
Wednesday 30th of January 2019 12:52:14 PM
File received
PICT18.jpg
Starting
Wednesday 30th of January 2019 12:52:27 PM
File received
PICT19.jpg
Starting
Wednesday 30th of January 2019 01:47:50 PM
File received
PICT3.jpg
Starting
Wednesday 30th of January 2019 01:48:03 PM
File received
PICT4.jpg
Starting
Wednesday 30th of January 2019 01:49:22 PM
File received
PICT6.jpg
Starting
Wednesday 30th of January 2019 01:49:35 PM
File received
PICT7.jpg
Starting
Wednesday 30th of January 2019 01:50:54 PM
File received
PICT9.jpg
Starting
Wednesday 30th of January 2019 01:51:07 PM
File received
PICT10.jpg
Starting
Wednesday 30th of January 2019 01:52:26 PM
File received
PICT12.jpg
Starting
Wednesday 30th of January 2019 01:52:39 PM
File received
PICT13.jpg
Starting
Wednesday 30th of January 2019 01:53:58 PM
File received
PICT15.jpg
Starting
Wednesday 30th of January 2019 01:54:11 PM
File received
PICT16.jpg
Starting
Wednesday 30th of January 2019 02:04:54 PM
File received
PICT3.jpg
Starting
Wednesday 30th of January 2019 02:05:07 PM
File received
PICT4.jpg
Starting
Wednesday 30th of January 2019 02:06:36 PM
File received
PICT6.jpg
Starting
Wednesday 30th of January 2019 02:07:57 PM
File received
PICT9.jpg
Starting
Wednesday 30th of January 2019 02:08:10 PM
File received
PICT10.jpg
Starting
Wednesday 30th of January 2019 02:09:29 PM
File received
PICT12.jpg
Starting
Wednesday 30th of January 2019 02:09:42 PM
File received
PICT13.jpg
Starting
Wednesday 30th of January 2019 02:11:01 PM
File received
PICT15.jpg
Starting
Wednesday 30th of January 2019 02:11:15 PM
File received
PICT16.jpg
Starting
Wednesday 30th of January 2019 02:12:33 PM
File received
PICT18.jpg
Starting
Wednesday 30th of January 2019 02:12:47 PM
File received
PICT19.jpg
Starting
Wednesday 30th of January 2019 02:14:06 PM
File received
PICT21.jpg
Starting
Wednesday 30th of January 2019 02:14:41 PM
File received
PICT22.jpg
Starting
Wednesday 30th of January 2019 02:15:38 PM
File received
PICT24.jpg
Starting
Wednesday 30th of January 2019 02:15:51 PM
File received
PICT25.jpg
Starting
Wednesday 30th of January 2019 02:25:24 PM
File received
PICT3.jpg
Starting
Wednesday 30th of January 2019 02:25:37 PM
File received
PICT4.jpg
Starting
Wednesday 30th of January 2019 02:27:01 PM
File received
PICT6.jpg
Starting
Wednesday 30th of January 2019 02:27:14 PM
File received
PICT7.jpg
Starting
Wednesday 30th of January 2019 02:28:38 PM
File received
PICT9.jpg
Starting
Wednesday 30th of January 2019 02:28:51 PM
File received
PICT10.jpg
Starting
Wednesday 30th of January 2019 02:30:15 PM
File received
PICT12.jpg
Starting
Wednesday 30th of January 2019 02:30:28 PM
File received
PICT13.jpg
Starting
Wednesday 30th of January 2019 02:31:52 PM
File received
PICT15.jpg
Starting
Wednesday 30th of January 2019 02:32:05 PM
File received
PICT16.jpg
Starting
Wednesday 30th of January 2019 02:33:29 PM
File received
PICT18.jpg
Starting
Wednesday 30th of January 2019 02:33:42 PM
File received
PICT19.jpg
Starting
Wednesday 30th of January 2019 02:36:01 PM
File received
PICT21.jpg
Starting
Wednesday 30th of January 2019 02:36:14 PM
File received
PICT22.jpg
Starting
Wednesday 30th of January 2019 02:37:39 PM
File received
PICT24.jpg
Starting
Wednesday 30th of January 2019 02:37:52 PM
File received
PICT25.jpg
Starting
Wednesday 30th of January 2019 02:43:58 PM
File received
PICT2.jpg
Starting
Wednesday 30th of January 2019 02:44:14 PM
File received
PICT4.jpg
Starting
Wednesday 30th of January 2019 02:45:45 PM
File received
PICT5.jpg
Starting
Wednesday 30th of January 2019 02:46:01 PM
File received
PICT7.jpg
Starting
Wednesday 30th of January 2019 02:47:30 PM
File received
PICT8.jpg
Starting
Wednesday 30th of January 2019 02:51:35 PM
File received
PICT3.jpg
Starting
Wednesday 30th of January 2019 02:51:38 PM
File received
PICT2.jpg
Starting
Wednesday 30th of January 2019 02:51:58 PM
File received
PICT4.jpg
Starting
Wednesday 30th of January 2019 02:53:40 PM
File received
PICT5.jpg
Starting
Wednesday 30th of January 2019 02:54:06 PM
File received
PICT7.jpg
Starting
Wednesday 30th of January 2019 02:56:10 PM
File received
PICT8.jpg
Starting
Wednesday 30th of January 2019 02:56:36 PM
File received
PICT10.jpg
Starting
Wednesday 30th of January 2019 02:58:18 PM
File received
PICT11.jpg
Starting
Wednesday 30th of January 2019 02:58:42 PM
File received
PICT13.jpg
Starting
Wednesday 30th of January 2019 03:00:25 PM
File received
PICT14.jpg
Starting
Wednesday 30th of January 2019 03:00:50 PM
File received
PICT16.jpg
Starting
Wednesday 30th of January 2019 04:04:09 PM
File received
PICT3.jpg
Starting
Wednesday 30th of January 2019 04:04:22 PM
File received
PICT4.jpg
Starting
Wednesday 30th of January 2019 04:06:00 PM
File received
PICT6.jpg
Starting
Wednesday 30th of January 2019 04:06:13 PM
File received
PICT7.jpg
Starting
Wednesday 30th of January 2019 04:08:08 PM
File received
PICT9.jpg
Starting
Wednesday 30th of January 2019 04:08:21 PM
File received
PICT10.jpg
Starting
Wednesday 30th of January 2019 04:14:32 PM
File received
PICT12.jpg
Starting
Wednesday 30th of January 2019 04:14:45 PM
File received
PICT13.jpg
Starting
Wednesday 30th of January 2019 04:16:15 PM
File received
PICT15.jpg
Starting
Wednesday 30th of January 2019 04:16:29 PM
File received
PICT16.jpg
Starting
Wednesday 30th of January 2019 04:17:52 PM
File received
PICT18.jpg
Starting
Wednesday 30th of January 2019 04:18:05 PM
File received
PICT19.jpg
Starting
Wednesday 30th of January 2019 04:22:08 PM
File received
PICT21.jpg
Starting
Wednesday 30th of January 2019 04:22:21 PM
File received
PICT22.jpg
Starting
Wednesday 30th of January 2019 04:23:45 PM
File received
PICT24.jpg
Starting
Wednesday 30th of January 2019 04:23:59 PM
File received
PICT25.jpg
Starting
Wednesday 30th of January 2019 04:25:22 PM
File received
PICT27.jpg
Starting
Wednesday 30th of January 2019 04:25:35 PM
File received
PICT28.jpg
Starting
Wednesday 30th of January 2019 04:26:58 PM
File received
PICT30.jpg
Starting
Wednesday 30th of January 2019 04:27:12 PM
File received
PICT31.jpg
Starting
Wednesday 30th of January 2019 04:28:35 PM
File received
PICT33.jpg
Starting
Wednesday 30th of January 2019 04:28:48 PM
File received
PICT34.jpg
Starting
Wednesday 30th of January 2019 04:30:13 PM
File received
PICT36.jpg
Starting
Wednesday 30th of January 2019 04:30:26 PM
File received
PICT37.jpg
Starting
Wednesday 30th of January 2019 04:31:49 PM
File received
PICT39.jpg
Starting
Wednesday 30th of January 2019 04:32:02 PM
File received
PICT40.jpg
Starting
Wednesday 30th of January 2019 04:33:25 PM
File received
PICT42.jpg
Starting
Wednesday 30th of January 2019 04:33:39 PM
File received
PICT43.jpg
Starting
Wednesday 30th of January 2019 04:35:02 PM
File received
PICT45.jpg
Starting
Wednesday 30th of January 2019 04:35:16 PM
File received
PICT46.jpg
